Copyright 1986-2022 Xilinx, Inc. All Rights Reserved. Copyright 2022-2024 Advanced Micro Devices, Inc. All Rights Reserved.
---------------------------------------------------------------------------------------------------------------------------------------------
| Tool Version : Vivado v.2024.2 (win64) Build 5239630 Fri Nov 08 22:35:27 MST 2024
| Date         : Thu Mar 13 04:36:05 2025
| Host         : DESKTOP-P2N9ID2 running 64-bit major release  (build 9200)
| Command      : report_control_sets -verbose -file top_control_sets_placed.rpt
| Design       : top
| Device       : xc7a35ti
---------------------------------------------------------------------------------------------------------------------------------------------

Control Set Information

Table of Contents
-----------------
1. Summary
2. Histogram
3. Flip-Flop Distribution
4. Detailed Control Set Information

1. Summary
----------

+----------------------------------------------------------+-------+
|                          Status                          | Count |
+----------------------------------------------------------+-------+
| Total control sets                                       |    20 |
|    Minimum number of control sets                        |    20 |
|    Addition due to synthesis replication                 |     0 |
|    Addition due to physical synthesis replication        |     0 |
| Unused register locations in slices containing registers |   100 |
+----------------------------------------------------------+-------+
* Control sets can be merged at opt_design using control_set_merge or merge_equivalent_drivers
** Run report_qor_suggestions for automated merging and remapping suggestions


2. Histogram
------------

+--------------------+-------+
|       Fanout       | Count |
+--------------------+-------+
| Total control sets |    20 |
| >= 0 to < 4        |    13 |
| >= 4 to < 6        |     0 |
| >= 6 to < 8        |     1 |
| >= 8 to < 10       |     0 |
| >= 10 to < 12      |     0 |
| >= 12 to < 14      |     0 |
| >= 14 to < 16      |     1 |
| >= 16              |     5 |
+--------------------+-------+
* Control sets can be remapped at either synth_design or opt_design


3. Flip-Flop Distribution
-------------------------

+--------------+-----------------------+------------------------+-----------------+--------------+
| Clock Enable | Synchronous Set/Reset | Asynchronous Set/Reset | Total Registers | Total Slices |
+--------------+-----------------------+------------------------+-----------------+--------------+
| No           | No                    | No                     |              56 |           21 |
| No           | No                    | Yes                    |              23 |           11 |
| No           | Yes                   | No                     |              96 |           24 |
| Yes          | No                    | No                     |              21 |            6 |
| Yes          | No                    | Yes                    |               0 |            0 |
| Yes          | Yes                   | No                     |               0 |            0 |
+--------------+-----------------------+------------------------+-----------------+--------------+


4. Detailed Control Set Information
-----------------------------------

+-------------------------------------+---------------------------+---------------------------------+------------------+----------------+--------------+
|             Clock Signal            |       Enable Signal       |         Set/Reset Signal        | Slice Load Count | Bel Load Count | Bels / Slice |
+-------------------------------------+---------------------------+---------------------------------+------------------+----------------+--------------+
| ~hrCounter/tff[2]/count[0]          |                           | hrFF/q                          |                1 |              1 |         1.00 |
| ~hrCounter/tff[0]/count[0]          |                           | hrFF/q                          |                1 |              1 |         1.00 |
| ~hrCounter/tff[1]/count[0]          |                           | hrFF/q                          |                1 |              1 |         1.00 |
| ~hrCounter/tff[4]/q_reg_0[0]        |                           | hrFF/q                          |                1 |              1 |         1.00 |
| ~hrCounter/tff[3]/count[0]          |                           | hrFF/q                          |                1 |              1 |         1.00 |
| ~hrCounter/tff[5]/q_reg_0[0]        |                           | hrFF/q                          |                1 |              1 |         1.00 |
| ~hrCounter/tff[6]/count[0]          |                           | hrFF/q                          |                1 |              1 |         1.00 |
| ~timer11Reg/ffs[1]/CANPEnableClocks |                           |                                 |                1 |              1 |         1.00 |
| ~msgclkdiv/clk03_out                |                           |                                 |                1 |              1 |         1.00 |
| ~btnclkdiv/sensor                   |                           | hrFF/q                          |                1 |              1 |         1.00 |
|  sysClock_IBUF_BUFG                 | bouncer/buttonOut_i_1_n_0 |                                 |                1 |              1 |         1.00 |
| ~timer16Reg/ffs[15]/clk0            |                           |                                 |                1 |              1 |         1.00 |
| ~timer1Reg/ffs[1]/clk01_out         |                           |                                 |                1 |              1 |         1.00 |
|  sysClock_IBUF_BUFG                 |                           |                                 |                4 |              6 |         1.50 |
|  dclk_BUFG                          |                           | timer16FF/AR[0]                 |                3 |             15 |         5.00 |
|  sysClock_IBUF_BUFG                 | bouncer/count             |                                 |                5 |             20 |         4.00 |
|  sysClock_IBUF_BUFG                 |                           | msgclkdiv/clear                 |                8 |             32 |         4.00 |
|  sysClock_IBUF_BUFG                 |                           | btnclkdiv/counter[0]_i_1__1_n_0 |                8 |             32 |         4.00 |
|  sysClock_IBUF_BUFG                 |                           | CANclkdiv/counter[0]_i_1_n_0    |                8 |             32 |         4.00 |
|  dclk_BUFG                          |                           |                                 |               13 |             46 |         3.54 |
+-------------------------------------+---------------------------+---------------------------------+------------------+----------------+--------------+


